<?xml version="1.0" encoding="UTF-8"?>
<testsuite name="GameTestSuite" tests="1" skipped="0" failures="0" errors="0" timestamp="2022-10-11T16:43:17" hostname="LAPTOP-0FJVJNPH" time="0.014">
  <properties/>
  <testcase name="rollTest()" classname="GameTestSuite" time="0.014"/>
  <system-out><![CDATA[]]></system-out>
  <system-err><![CDATA[]]></system-err>
</testsuite>
